<?xml version="1.0" encoding="UTF-8"?>
<testng-results ignored="0" total="32" passed="32" failed="0" skipped="0">
  <reporter-output>
  </reporter-output>
  <suite started-at="2025-06-29T18:46:03 PST" name="Default suite" finished-at="2025-06-29T18:47:31 PST" duration-ms="87968">
    <groups>
      <group name="cucumber">
        <method signature="AbstractTestNGCucumberTests.runScenario(io.cucumber.testng.PickleWrapper,io.cucumber.testng.FeatureWrapper)[pri:0, instance:runners.Runner@3857f613]" name="runScenario" class="io.cucumber.testng.AbstractTestNGCucumberTests"/>
      </group> <!-- cucumber -->
    </groups>
    <test started-at="2025-06-29T18:46:03 PST" name="Default test" finished-at="2025-06-29T18:47:31 PST" duration-ms="87968">
      <class name="runners.Runner">
        <test-method is-config="true" signature="setUpClass(org.testng.ITestContext)[pri:0, instance:runners.Runner@3857f613]" started-at="2025-06-29T18:46:03 PST" name="setUpClass" finished-at="2025-06-29T18:46:04 PST" duration-ms="589" status="PASS">
          <params>
            <param index="0">
              <value>
                <![CDATA[org.testng.TestRunner@3ece1e79]]>
              </value>
            </param>
          </params>
          <reporter-output>
          </reporter-output>
        </test-method> <!-- setUpClass -->
        <test-method signature="runScenario(io.cucumber.testng.PickleWrapper,io.cucumber.testng.FeatureWrapper)[pri:0, instance:runners.Runner@3857f613]" started-at="2025-06-29T18:46:04 PST" name="runScenario" description="Runs Cucumber Scenarios" data-provider="scenarios" finished-at="2025-06-29T18:46:26 PST" duration-ms="22402" status="PASS">
          <params>
            <param index="0">
              <value>
                <![CDATA["Verify images are not broken on all main pages"]]>
              </value>
            </param>
            <param index="1">
              <value>
                <![CDATA["Image Validation"]]>
              </value>
            </param>
          </params>
          <reporter-output>
          </reporter-output>
        </test-method> <!-- runScenario -->
        <test-method signature="runScenario(io.cucumber.testng.PickleWrapper,io.cucumber.testng.FeatureWrapper)[pri:0, instance:runners.Runner@3857f613]" started-at="2025-06-29T18:46:04 PST" name="runScenario" description="Runs Cucumber Scenarios" data-provider="scenarios" finished-at="2025-06-29T18:46:26 PST" duration-ms="22546" status="PASS">
          <params>
            <param index="0">
              <value>
                <![CDATA["Verify images are not broken on all main pages"]]>
              </value>
            </param>
            <param index="1">
              <value>
                <![CDATA["Image Validation"]]>
              </value>
            </param>
          </params>
          <reporter-output>
          </reporter-output>
        </test-method> <!-- runScenario -->
        <test-method signature="runScenario(io.cucumber.testng.PickleWrapper,io.cucumber.testng.FeatureWrapper)[pri:0, instance:runners.Runner@3857f613]" started-at="2025-06-29T18:46:04 PST" name="runScenario" description="Runs Cucumber Scenarios" data-provider="scenarios" finished-at="2025-06-29T18:46:26 PST" duration-ms="22372" status="PASS">
          <params>
            <param index="0">
              <value>
                <![CDATA["Submit contact form with valid details"]]>
              </value>
            </param>
            <param index="1">
              <value>
                <![CDATA["Contact Us Form Functionality"]]>
              </value>
            </param>
          </params>
          <reporter-output>
          </reporter-output>
        </test-method> <!-- runScenario -->
        <test-method signature="runScenario(io.cucumber.testng.PickleWrapper,io.cucumber.testng.FeatureWrapper)[pri:0, instance:runners.Runner@3857f613]" started-at="2025-06-29T18:46:04 PST" name="runScenario" description="Runs Cucumber Scenarios" data-provider="scenarios" finished-at="2025-06-29T18:46:38 PST" duration-ms="33948" status="PASS">
          <params>
            <param index="0">
              <value>
                <![CDATA["Verify images are not broken on all main pages"]]>
              </value>
            </param>
            <param index="1">
              <value>
                <![CDATA["Image Validation"]]>
              </value>
            </param>
          </params>
          <reporter-output>
          </reporter-output>
        </test-method> <!-- runScenario -->
        <test-method signature="runScenario(io.cucumber.testng.PickleWrapper,io.cucumber.testng.FeatureWrapper)[pri:0, instance:runners.Runner@3857f613]" started-at="2025-06-29T18:46:04 PST" name="runScenario" description="Runs Cucumber Scenarios" data-provider="scenarios" finished-at="2025-06-29T18:46:26 PST" duration-ms="21940" status="PASS">
          <params>
            <param index="0">
              <value>
                <![CDATA["Verify images are not broken on all main pages"]]>
              </value>
            </param>
            <param index="1">
              <value>
                <![CDATA["Image Validation"]]>
              </value>
            </param>
          </params>
          <reporter-output>
          </reporter-output>
        </test-method> <!-- runScenario -->
        <test-method signature="runScenario(io.cucumber.testng.PickleWrapper,io.cucumber.testng.FeatureWrapper)[pri:0, instance:runners.Runner@3857f613]" started-at="2025-06-29T18:46:04 PST" name="runScenario" description="Runs Cucumber Scenarios" data-provider="scenarios" finished-at="2025-06-29T18:46:26 PST" duration-ms="22526" status="PASS">
          <params>
            <param index="0">
              <value>
                <![CDATA["Verify login"]]>
              </value>
            </param>
            <param index="1">
              <value>
                <![CDATA["Login Functionality"]]>
              </value>
            </param>
          </params>
          <reporter-output>
          </reporter-output>
        </test-method> <!-- runScenario -->
        <test-method signature="runScenario(io.cucumber.testng.PickleWrapper,io.cucumber.testng.FeatureWrapper)[pri:0, instance:runners.Runner@3857f613]" started-at="2025-06-29T18:46:04 PST" name="runScenario" description="Runs Cucumber Scenarios" data-provider="scenarios" finished-at="2025-06-29T18:46:37 PST" duration-ms="32966" status="PASS">
          <params>
            <param index="0">
              <value>
                <![CDATA["Verify login"]]>
              </value>
            </param>
            <param index="1">
              <value>
                <![CDATA["Login Functionality"]]>
              </value>
            </param>
          </params>
          <reporter-output>
          </reporter-output>
        </test-method> <!-- runScenario -->
        <test-method signature="runScenario(io.cucumber.testng.PickleWrapper,io.cucumber.testng.FeatureWrapper)[pri:0, instance:runners.Runner@3857f613]" started-at="2025-06-29T18:46:04 PST" name="runScenario" description="Runs Cucumber Scenarios" data-provider="scenarios" finished-at="2025-06-29T18:46:37 PST" duration-ms="33315" status="PASS">
          <params>
            <param index="0">
              <value>
                <![CDATA["Verify images are not broken on all main pages"]]>
              </value>
            </param>
            <param index="1">
              <value>
                <![CDATA["Image Validation"]]>
              </value>
            </param>
          </params>
          <reporter-output>
          </reporter-output>
        </test-method> <!-- runScenario -->
        <test-method signature="runScenario(io.cucumber.testng.PickleWrapper,io.cucumber.testng.FeatureWrapper)[pri:0, instance:runners.Runner@3857f613]" started-at="2025-06-29T18:46:04 PST" name="runScenario" description="Runs Cucumber Scenarios" data-provider="scenarios" finished-at="2025-06-29T18:46:26 PST" duration-ms="22011" status="PASS">
          <params>
            <param index="0">
              <value>
                <![CDATA["Verify login"]]>
              </value>
            </param>
            <param index="1">
              <value>
                <![CDATA["Login Functionality"]]>
              </value>
            </param>
          </params>
          <reporter-output>
          </reporter-output>
        </test-method> <!-- runScenario -->
        <test-method signature="runScenario(io.cucumber.testng.PickleWrapper,io.cucumber.testng.FeatureWrapper)[pri:0, instance:runners.Runner@3857f613]" started-at="2025-06-29T18:46:04 PST" name="runScenario" description="Runs Cucumber Scenarios" data-provider="scenarios" finished-at="2025-06-29T18:46:24 PST" duration-ms="20656" status="PASS">
          <params>
            <param index="0">
              <value>
                <![CDATA["Verify images are not broken on all main pages"]]>
              </value>
            </param>
            <param index="1">
              <value>
                <![CDATA["Image Validation"]]>
              </value>
            </param>
          </params>
          <reporter-output>
          </reporter-output>
        </test-method> <!-- runScenario -->
        <test-method signature="runScenario(io.cucumber.testng.PickleWrapper,io.cucumber.testng.FeatureWrapper)[pri:0, instance:runners.Runner@3857f613]" started-at="2025-06-29T18:46:24 PST" name="runScenario" description="Runs Cucumber Scenarios" data-provider="scenarios" finished-at="2025-06-29T18:46:41 PST" duration-ms="17239" status="PASS">
          <params>
            <param index="0">
              <value>
                <![CDATA["Verify login"]]>
              </value>
            </param>
            <param index="1">
              <value>
                <![CDATA["Login Functionality"]]>
              </value>
            </param>
          </params>
          <reporter-output>
          </reporter-output>
        </test-method> <!-- runScenario -->
        <test-method signature="runScenario(io.cucumber.testng.PickleWrapper,io.cucumber.testng.FeatureWrapper)[pri:0, instance:runners.Runner@3857f613]" started-at="2025-06-29T18:46:26 PST" name="runScenario" description="Runs Cucumber Scenarios" data-provider="scenarios" finished-at="2025-06-29T18:46:41 PST" duration-ms="15956" status="PASS">
          <params>
            <param index="0">
              <value>
                <![CDATA["Verify all images are displayed"]]>
              </value>
            </param>
            <param index="1">
              <value>
                <![CDATA["Products page functionality"]]>
              </value>
            </param>
          </params>
          <reporter-output>
          </reporter-output>
        </test-method> <!-- runScenario -->
        <test-method signature="runScenario(io.cucumber.testng.PickleWrapper,io.cucumber.testng.FeatureWrapper)[pri:0, instance:runners.Runner@3857f613]" started-at="2025-06-29T18:46:26 PST" name="runScenario" description="Runs Cucumber Scenarios" data-provider="scenarios" finished-at="2025-06-29T18:46:48 PST" duration-ms="22058" status="PASS">
          <params>
            <param index="0">
              <value>
                <![CDATA["Verify Search Product Functionality"]]>
              </value>
            </param>
            <param index="1">
              <value>
                <![CDATA["Products page functionality"]]>
              </value>
            </param>
          </params>
          <reporter-output>
          </reporter-output>
        </test-method> <!-- runScenario -->
        <test-method signature="runScenario(io.cucumber.testng.PickleWrapper,io.cucumber.testng.FeatureWrapper)[pri:0, instance:runners.Runner@3857f613]" started-at="2025-06-29T18:46:26 PST" name="runScenario" description="Runs Cucumber Scenarios" data-provider="scenarios" finished-at="2025-06-29T18:46:44 PST" duration-ms="18258" status="PASS">
          <params>
            <param index="0">
              <value>
                <![CDATA["Verify subcategory filter displays correct products"]]>
              </value>
            </param>
            <param index="1">
              <value>
                <![CDATA["Products page functionality"]]>
              </value>
            </param>
          </params>
          <reporter-output>
          </reporter-output>
        </test-method> <!-- runScenario -->
        <test-method signature="runScenario(io.cucumber.testng.PickleWrapper,io.cucumber.testng.FeatureWrapper)[pri:0, instance:runners.Runner@3857f613]" started-at="2025-06-29T18:46:26 PST" name="runScenario" description="Runs Cucumber Scenarios" data-provider="scenarios" finished-at="2025-06-29T18:46:48 PST" duration-ms="21930" status="PASS">
          <params>
            <param index="0">
              <value>
                <![CDATA["Verify subcategory filter displays correct products"]]>
              </value>
            </param>
            <param index="1">
              <value>
                <![CDATA["Products page functionality"]]>
              </value>
            </param>
          </params>
          <reporter-output>
          </reporter-output>
        </test-method> <!-- runScenario -->
        <test-method signature="runScenario(io.cucumber.testng.PickleWrapper,io.cucumber.testng.FeatureWrapper)[pri:0, instance:runners.Runner@3857f613]" started-at="2025-06-29T18:46:26 PST" name="runScenario" description="Runs Cucumber Scenarios" data-provider="scenarios" finished-at="2025-06-29T18:46:48 PST" duration-ms="22316" status="PASS">
          <params>
            <param index="0">
              <value>
                <![CDATA["Verify subcategory filter displays correct products"]]>
              </value>
            </param>
            <param index="1">
              <value>
                <![CDATA["Products page functionality"]]>
              </value>
            </param>
          </params>
          <reporter-output>
          </reporter-output>
        </test-method> <!-- runScenario -->
        <test-method signature="runScenario(io.cucumber.testng.PickleWrapper,io.cucumber.testng.FeatureWrapper)[pri:0, instance:runners.Runner@3857f613]" started-at="2025-06-29T18:46:26 PST" name="runScenario" description="Runs Cucumber Scenarios" data-provider="scenarios" finished-at="2025-06-29T18:46:47 PST" duration-ms="20527" status="PASS">
          <params>
            <param index="0">
              <value>
                <![CDATA["Verify subcategory filter displays correct products"]]>
              </value>
            </param>
            <param index="1">
              <value>
                <![CDATA["Products page functionality"]]>
              </value>
            </param>
          </params>
          <reporter-output>
          </reporter-output>
        </test-method> <!-- runScenario -->
        <test-method signature="runScenario(io.cucumber.testng.PickleWrapper,io.cucumber.testng.FeatureWrapper)[pri:0, instance:runners.Runner@3857f613]" started-at="2025-06-29T18:46:37 PST" name="runScenario" description="Runs Cucumber Scenarios" data-provider="scenarios" finished-at="2025-06-29T18:47:02 PST" duration-ms="25255" status="PASS">
          <params>
            <param index="0">
              <value>
                <![CDATA["Verify Brands displays correct page"]]>
              </value>
            </param>
            <param index="1">
              <value>
                <![CDATA["Products page functionality"]]>
              </value>
            </param>
          </params>
          <reporter-output>
          </reporter-output>
        </test-method> <!-- runScenario -->
        <test-method signature="runScenario(io.cucumber.testng.PickleWrapper,io.cucumber.testng.FeatureWrapper)[pri:0, instance:runners.Runner@3857f613]" started-at="2025-06-29T18:46:37 PST" name="runScenario" description="Runs Cucumber Scenarios" data-provider="scenarios" finished-at="2025-06-29T18:47:01 PST" duration-ms="23747" status="PASS">
          <params>
            <param index="0">
              <value>
                <![CDATA["Verify Brands displays correct page"]]>
              </value>
            </param>
            <param index="1">
              <value>
                <![CDATA["Products page functionality"]]>
              </value>
            </param>
          </params>
          <reporter-output>
          </reporter-output>
        </test-method> <!-- runScenario -->
        <test-method signature="runScenario(io.cucumber.testng.PickleWrapper,io.cucumber.testng.FeatureWrapper)[pri:0, instance:runners.Runner@3857f613]" started-at="2025-06-29T18:46:38 PST" name="runScenario" description="Runs Cucumber Scenarios" data-provider="scenarios" finished-at="2025-06-29T18:47:06 PST" duration-ms="28477" status="PASS">
          <params>
            <param index="0">
              <value>
                <![CDATA["Verify Brands displays correct page"]]>
              </value>
            </param>
            <param index="1">
              <value>
                <![CDATA["Products page functionality"]]>
              </value>
            </param>
          </params>
          <reporter-output>
          </reporter-output>
        </test-method> <!-- runScenario -->
        <test-method signature="runScenario(io.cucumber.testng.PickleWrapper,io.cucumber.testng.FeatureWrapper)[pri:0, instance:runners.Runner@3857f613]" started-at="2025-06-29T18:46:41 PST" name="runScenario" description="Runs Cucumber Scenarios" data-provider="scenarios" finished-at="2025-06-29T18:47:10 PST" duration-ms="28270" status="PASS">
          <params>
            <param index="0">
              <value>
                <![CDATA["Verify Brands displays correct page"]]>
              </value>
            </param>
            <param index="1">
              <value>
                <![CDATA["Products page functionality"]]>
              </value>
            </param>
          </params>
          <reporter-output>
          </reporter-output>
        </test-method> <!-- runScenario -->
        <test-method signature="runScenario(io.cucumber.testng.PickleWrapper,io.cucumber.testng.FeatureWrapper)[pri:0, instance:runners.Runner@3857f613]" started-at="2025-06-29T18:46:41 PST" name="runScenario" description="Runs Cucumber Scenarios" data-provider="scenarios" finished-at="2025-06-29T18:47:07 PST" duration-ms="25815" status="PASS">
          <params>
            <param index="0">
              <value>
                <![CDATA["Verify Brands displays correct page"]]>
              </value>
            </param>
            <param index="1">
              <value>
                <![CDATA["Products page functionality"]]>
              </value>
            </param>
          </params>
          <reporter-output>
          </reporter-output>
        </test-method> <!-- runScenario -->
        <test-method signature="runScenario(io.cucumber.testng.PickleWrapper,io.cucumber.testng.FeatureWrapper)[pri:0, instance:runners.Runner@3857f613]" started-at="2025-06-29T18:46:44 PST" name="runScenario" description="Runs Cucumber Scenarios" data-provider="scenarios" finished-at="2025-06-29T18:47:08 PST" duration-ms="24023" status="PASS">
          <params>
            <param index="0">
              <value>
                <![CDATA["Verify Brands displays correct page"]]>
              </value>
            </param>
            <param index="1">
              <value>
                <![CDATA["Products page functionality"]]>
              </value>
            </param>
          </params>
          <reporter-output>
          </reporter-output>
        </test-method> <!-- runScenario -->
        <test-method signature="runScenario(io.cucumber.testng.PickleWrapper,io.cucumber.testng.FeatureWrapper)[pri:0, instance:runners.Runner@3857f613]" started-at="2025-06-29T18:46:47 PST" name="runScenario" description="Runs Cucumber Scenarios" data-provider="scenarios" finished-at="2025-06-29T18:47:10 PST" duration-ms="23091" status="PASS">
          <params>
            <param index="0">
              <value>
                <![CDATA["Verify Brands displays correct page"]]>
              </value>
            </param>
            <param index="1">
              <value>
                <![CDATA["Products page functionality"]]>
              </value>
            </param>
          </params>
          <reporter-output>
          </reporter-output>
        </test-method> <!-- runScenario -->
        <test-method signature="runScenario(io.cucumber.testng.PickleWrapper,io.cucumber.testng.FeatureWrapper)[pri:0, instance:runners.Runner@3857f613]" started-at="2025-06-29T18:46:48 PST" name="runScenario" description="Runs Cucumber Scenarios" data-provider="scenarios" finished-at="2025-06-29T18:47:10 PST" duration-ms="22096" status="PASS">
          <params>
            <param index="0">
              <value>
                <![CDATA["Verify Brands displays correct page"]]>
              </value>
            </param>
            <param index="1">
              <value>
                <![CDATA["Products page functionality"]]>
              </value>
            </param>
          </params>
          <reporter-output>
          </reporter-output>
        </test-method> <!-- runScenario -->
        <test-method signature="runScenario(io.cucumber.testng.PickleWrapper,io.cucumber.testng.FeatureWrapper)[pri:0, instance:runners.Runner@3857f613]" started-at="2025-06-29T18:46:48 PST" name="runScenario" description="Runs Cucumber Scenarios" data-provider="scenarios" finished-at="2025-06-29T18:47:12 PST" duration-ms="24006" status="PASS">
          <params>
            <param index="0">
              <value>
                <![CDATA["View details of the first product"]]>
              </value>
            </param>
            <param index="1">
              <value>
                <![CDATA["Products page functionality"]]>
              </value>
            </param>
          </params>
          <reporter-output>
          </reporter-output>
        </test-method> <!-- runScenario -->
        <test-method signature="runScenario(io.cucumber.testng.PickleWrapper,io.cucumber.testng.FeatureWrapper)[pri:0, instance:runners.Runner@3857f613]" started-at="2025-06-29T18:46:48 PST" name="runScenario" description="Runs Cucumber Scenarios" data-provider="scenarios" finished-at="2025-06-29T18:47:22 PST" duration-ms="33454" status="PASS">
          <params>
            <param index="0">
              <value>
                <![CDATA["Successful purchase of a product"]]>
              </value>
            </param>
            <param index="1">
              <value>
                <![CDATA["Purchase Product"]]>
              </value>
            </param>
          </params>
          <reporter-output>
          </reporter-output>
        </test-method> <!-- runScenario -->
        <test-method signature="runScenario(io.cucumber.testng.PickleWrapper,io.cucumber.testng.FeatureWrapper)[pri:0, instance:runners.Runner@3857f613]" started-at="2025-06-29T18:47:01 PST" name="runScenario" description="Runs Cucumber Scenarios" data-provider="scenarios" finished-at="2025-06-29T18:47:26 PST" duration-ms="25575" status="PASS">
          <params>
            <param index="0">
              <value>
                <![CDATA["Successful user registration"]]>
              </value>
            </param>
            <param index="1">
              <value>
                <![CDATA["User registration"]]>
              </value>
            </param>
          </params>
          <reporter-output>
          </reporter-output>
        </test-method> <!-- runScenario -->
        <test-method signature="runScenario(io.cucumber.testng.PickleWrapper,io.cucumber.testng.FeatureWrapper)[pri:0, instance:runners.Runner@3857f613]" started-at="2025-06-29T18:47:02 PST" name="runScenario" description="Runs Cucumber Scenarios" data-provider="scenarios" finished-at="2025-06-29T18:47:15 PST" duration-ms="12828" status="PASS">
          <params>
            <param index="0">
              <value>
                <![CDATA["Register user with existing email"]]>
              </value>
            </param>
            <param index="1">
              <value>
                <![CDATA["User registration"]]>
              </value>
            </param>
          </params>
          <reporter-output>
          </reporter-output>
        </test-method> <!-- runScenario -->
        <test-method signature="runScenario(io.cucumber.testng.PickleWrapper,io.cucumber.testng.FeatureWrapper)[pri:0, instance:runners.Runner@3857f613]" started-at="2025-06-29T18:47:06 PST" name="runScenario" description="Runs Cucumber Scenarios" data-provider="scenarios" finished-at="2025-06-29T18:47:20 PST" duration-ms="14110" status="PASS">
          <params>
            <param index="0">
              <value>
                <![CDATA["Navigate to Test Cases page"]]>
              </value>
            </param>
            <param index="1">
              <value>
                <![CDATA["Validate Test Cases Page"]]>
              </value>
            </param>
          </params>
          <reporter-output>
          </reporter-output>
        </test-method> <!-- runScenario -->
        <test-method signature="runScenario(io.cucumber.testng.PickleWrapper,io.cucumber.testng.FeatureWrapper)[pri:0, instance:runners.Runner@3857f613]" started-at="2025-06-29T18:47:07 PST" name="runScenario" description="Runs Cucumber Scenarios" data-provider="scenarios" finished-at="2025-06-29T18:47:24 PST" duration-ms="16400" status="PASS">
          <params>
            <param index="0">
              <value>
                <![CDATA["Expand and verify all test cases"]]>
              </value>
            </param>
            <param index="1">
              <value>
                <![CDATA["Validate Test Cases Page"]]>
              </value>
            </param>
          </params>
          <reporter-output>
          </reporter-output>
        </test-method> <!-- runScenario -->
        <test-method signature="runScenario(io.cucumber.testng.PickleWrapper,io.cucumber.testng.FeatureWrapper)[pri:0, instance:runners.Runner@3857f613]" started-at="2025-06-29T18:47:08 PST" name="runScenario" description="Runs Cucumber Scenarios" data-provider="scenarios" finished-at="2025-06-29T18:47:19 PST" duration-ms="10785" status="PASS">
          <params>
            <param index="0">
              <value>
                <![CDATA["Verify all test cases are displayed"]]>
              </value>
            </param>
            <param index="1">
              <value>
                <![CDATA["Validate Test Cases Page"]]>
              </value>
            </param>
          </params>
          <reporter-output>
          </reporter-output>
        </test-method> <!-- runScenario -->
        <test-method is-config="true" signature="tearDownClass()[pri:0, instance:runners.Runner@3857f613]" started-at="2025-06-29T18:47:26 PST" name="tearDownClass" finished-at="2025-06-29T18:47:31 PST" duration-ms="4687" status="PASS">
          <reporter-output>
          </reporter-output>
        </test-method> <!-- tearDownClass -->
      </class> <!-- runners.Runner -->
    </test> <!-- Default test -->
  </suite> <!-- Default suite -->
</testng-results>
