<?xml version="1.0" encoding="UTF-8"?>
<testng-results ignored="0" total="27" passed="27" failed="0" skipped="0">
  <reporter-output>
  </reporter-output>
  <suite started-at="2025-06-16T10:52:29 PST" name="Default suite" finished-at="2025-06-16T10:54:53 PST" duration-ms="143507">
    <groups>
      <group name="cucumber">
        <method signature="AbstractTestNGCucumberTests.runScenario(io.cucumber.testng.PickleWrapper,io.cucumber.testng.FeatureWrapper)[pri:0, instance:runners.Runner@3857f613]" name="runScenario" class="io.cucumber.testng.AbstractTestNGCucumberTests"/>
      </group> <!-- cucumber -->
    </groups>
    <test started-at="2025-06-16T10:52:29 PST" name="Default test" finished-at="2025-06-16T10:54:53 PST" duration-ms="143507">
      <class name="runners.Runner">
        <test-method is-config="true" signature="setUpClass(org.testng.ITestContext)[pri:0, instance:runners.Runner@3857f613]" started-at="2025-06-16T10:52:29 PST" name="setUpClass" finished-at="2025-06-16T10:52:30 PST" duration-ms="550" status="PASS">
          <params>
            <param index="0">
              <value>
                <![CDATA[org.testng.TestRunner@7f8633ae]]>
              </value>
            </param>
          </params>
          <reporter-output>
          </reporter-output>
        </test-method> <!-- setUpClass -->
        <test-method signature="runScenario(io.cucumber.testng.PickleWrapper,io.cucumber.testng.FeatureWrapper)[pri:0, instance:runners.Runner@3857f613]" started-at="2025-06-16T10:52:30 PST" name="runScenario" description="Runs Cucumber Scenarios" data-provider="scenarios" finished-at="2025-06-16T10:53:01 PST" duration-ms="31206" status="PASS">
          <params>
            <param index="0">
              <value>
                <![CDATA["Verify login"]]>
              </value>
            </param>
            <param index="1">
              <value>
                <![CDATA["Login Functionality"]]>
              </value>
            </param>
          </params>
          <reporter-output>
          </reporter-output>
        </test-method> <!-- runScenario -->
        <test-method signature="runScenario(io.cucumber.testng.PickleWrapper,io.cucumber.testng.FeatureWrapper)[pri:0, instance:runners.Runner@3857f613]" started-at="2025-06-16T10:52:30 PST" name="runScenario" description="Runs Cucumber Scenarios" data-provider="scenarios" finished-at="2025-06-16T10:53:20 PST" duration-ms="50182" status="PASS">
          <params>
            <param index="0">
              <value>
                <![CDATA["Verify login"]]>
              </value>
            </param>
            <param index="1">
              <value>
                <![CDATA["Login Functionality"]]>
              </value>
            </param>
          </params>
          <reporter-output>
          </reporter-output>
        </test-method> <!-- runScenario -->
        <test-method signature="runScenario(io.cucumber.testng.PickleWrapper,io.cucumber.testng.FeatureWrapper)[pri:0, instance:runners.Runner@3857f613]" started-at="2025-06-16T10:52:30 PST" name="runScenario" description="Runs Cucumber Scenarios" data-provider="scenarios" finished-at="2025-06-16T10:53:01 PST" duration-ms="31677" status="PASS">
          <params>
            <param index="0">
              <value>
                <![CDATA["Verify login"]]>
              </value>
            </param>
            <param index="1">
              <value>
                <![CDATA["Login Functionality"]]>
              </value>
            </param>
          </params>
          <reporter-output>
          </reporter-output>
        </test-method> <!-- runScenario -->
        <test-method signature="runScenario(io.cucumber.testng.PickleWrapper,io.cucumber.testng.FeatureWrapper)[pri:0, instance:runners.Runner@3857f613]" started-at="2025-06-16T10:52:30 PST" name="runScenario" description="Runs Cucumber Scenarios" data-provider="scenarios" finished-at="2025-06-16T10:53:18 PST" duration-ms="48314" status="PASS">
          <params>
            <param index="0">
              <value>
                <![CDATA["Verify login"]]>
              </value>
            </param>
            <param index="1">
              <value>
                <![CDATA["Login Functionality"]]>
              </value>
            </param>
          </params>
          <reporter-output>
          </reporter-output>
        </test-method> <!-- runScenario -->
        <test-method signature="runScenario(io.cucumber.testng.PickleWrapper,io.cucumber.testng.FeatureWrapper)[pri:0, instance:runners.Runner@3857f613]" started-at="2025-06-16T10:52:30 PST" name="runScenario" description="Runs Cucumber Scenarios" data-provider="scenarios" finished-at="2025-06-16T10:53:15 PST" duration-ms="45276" status="PASS">
          <params>
            <param index="0">
              <value>
                <![CDATA["Verify images are not broken on all main pages"]]>
              </value>
            </param>
            <param index="1">
              <value>
                <![CDATA["Image Validation"]]>
              </value>
            </param>
          </params>
          <reporter-output>
          </reporter-output>
        </test-method> <!-- runScenario -->
        <test-method signature="runScenario(io.cucumber.testng.PickleWrapper,io.cucumber.testng.FeatureWrapper)[pri:0, instance:runners.Runner@3857f613]" started-at="2025-06-16T10:52:30 PST" name="runScenario" description="Runs Cucumber Scenarios" data-provider="scenarios" finished-at="2025-06-16T10:53:01 PST" duration-ms="31676" status="PASS">
          <params>
            <param index="0">
              <value>
                <![CDATA["Verify images are not broken on all main pages"]]>
              </value>
            </param>
            <param index="1">
              <value>
                <![CDATA["Image Validation"]]>
              </value>
            </param>
          </params>
          <reporter-output>
          </reporter-output>
        </test-method> <!-- runScenario -->
        <test-method signature="runScenario(io.cucumber.testng.PickleWrapper,io.cucumber.testng.FeatureWrapper)[pri:0, instance:runners.Runner@3857f613]" started-at="2025-06-16T10:52:30 PST" name="runScenario" description="Runs Cucumber Scenarios" data-provider="scenarios" finished-at="2025-06-16T10:53:02 PST" duration-ms="32024" status="PASS">
          <params>
            <param index="0">
              <value>
                <![CDATA["Verify images are not broken on all main pages"]]>
              </value>
            </param>
            <param index="1">
              <value>
                <![CDATA["Image Validation"]]>
              </value>
            </param>
          </params>
          <reporter-output>
          </reporter-output>
        </test-method> <!-- runScenario -->
        <test-method signature="runScenario(io.cucumber.testng.PickleWrapper,io.cucumber.testng.FeatureWrapper)[pri:0, instance:runners.Runner@3857f613]" started-at="2025-06-16T10:52:30 PST" name="runScenario" description="Runs Cucumber Scenarios" data-provider="scenarios" finished-at="2025-06-16T10:53:01 PST" duration-ms="31317" status="PASS">
          <params>
            <param index="0">
              <value>
                <![CDATA["Verify images are not broken on all main pages"]]>
              </value>
            </param>
            <param index="1">
              <value>
                <![CDATA["Image Validation"]]>
              </value>
            </param>
          </params>
          <reporter-output>
          </reporter-output>
        </test-method> <!-- runScenario -->
        <test-method signature="runScenario(io.cucumber.testng.PickleWrapper,io.cucumber.testng.FeatureWrapper)[pri:0, instance:runners.Runner@3857f613]" started-at="2025-06-16T10:52:30 PST" name="runScenario" description="Runs Cucumber Scenarios" data-provider="scenarios" finished-at="2025-06-16T10:53:13 PST" duration-ms="43649" status="PASS">
          <params>
            <param index="0">
              <value>
                <![CDATA["Verify images are not broken on all main pages"]]>
              </value>
            </param>
            <param index="1">
              <value>
                <![CDATA["Image Validation"]]>
              </value>
            </param>
          </params>
          <reporter-output>
          </reporter-output>
        </test-method> <!-- runScenario -->
        <test-method signature="runScenario(io.cucumber.testng.PickleWrapper,io.cucumber.testng.FeatureWrapper)[pri:0, instance:runners.Runner@3857f613]" started-at="2025-06-16T10:52:30 PST" name="runScenario" description="Runs Cucumber Scenarios" data-provider="scenarios" finished-at="2025-06-16T10:53:13 PST" duration-ms="42767" status="PASS">
          <params>
            <param index="0">
              <value>
                <![CDATA["Verify images are not broken on all main pages"]]>
              </value>
            </param>
            <param index="1">
              <value>
                <![CDATA["Image Validation"]]>
              </value>
            </param>
          </params>
          <reporter-output>
          </reporter-output>
        </test-method> <!-- runScenario -->
        <test-method signature="runScenario(io.cucumber.testng.PickleWrapper,io.cucumber.testng.FeatureWrapper)[pri:0, instance:runners.Runner@3857f613]" started-at="2025-06-16T10:53:01 PST" name="runScenario" description="Runs Cucumber Scenarios" data-provider="scenarios" finished-at="2025-06-16T10:54:09 PST" duration-ms="68211" status="PASS">
          <params>
            <param index="0">
              <value>
                <![CDATA["Verify all images are displayed"]]>
              </value>
            </param>
            <param index="1">
              <value>
                <![CDATA["Products page functionality"]]>
              </value>
            </param>
          </params>
          <reporter-output>
          </reporter-output>
        </test-method> <!-- runScenario -->
        <test-method signature="runScenario(io.cucumber.testng.PickleWrapper,io.cucumber.testng.FeatureWrapper)[pri:0, instance:runners.Runner@3857f613]" started-at="2025-06-16T10:53:01 PST" name="runScenario" description="Runs Cucumber Scenarios" data-provider="scenarios" finished-at="2025-06-16T10:53:53 PST" duration-ms="51562" status="PASS">
          <params>
            <param index="0">
              <value>
                <![CDATA["Verify Search Product Functionality"]]>
              </value>
            </param>
            <param index="1">
              <value>
                <![CDATA["Products page functionality"]]>
              </value>
            </param>
          </params>
          <reporter-output>
          </reporter-output>
        </test-method> <!-- runScenario -->
        <test-method signature="runScenario(io.cucumber.testng.PickleWrapper,io.cucumber.testng.FeatureWrapper)[pri:0, instance:runners.Runner@3857f613]" started-at="2025-06-16T10:53:01 PST" name="runScenario" description="Runs Cucumber Scenarios" data-provider="scenarios" finished-at="2025-06-16T10:53:51 PST" duration-ms="49798" status="PASS">
          <params>
            <param index="0">
              <value>
                <![CDATA["Verify subcategory filter displays correct products"]]>
              </value>
            </param>
            <param index="1">
              <value>
                <![CDATA["Products page functionality"]]>
              </value>
            </param>
          </params>
          <reporter-output>
          </reporter-output>
        </test-method> <!-- runScenario -->
        <test-method signature="runScenario(io.cucumber.testng.PickleWrapper,io.cucumber.testng.FeatureWrapper)[pri:0, instance:runners.Runner@3857f613]" started-at="2025-06-16T10:53:01 PST" name="runScenario" description="Runs Cucumber Scenarios" data-provider="scenarios" finished-at="2025-06-16T10:53:47 PST" duration-ms="45614" status="PASS">
          <params>
            <param index="0">
              <value>
                <![CDATA["Verify subcategory filter displays correct products"]]>
              </value>
            </param>
            <param index="1">
              <value>
                <![CDATA["Products page functionality"]]>
              </value>
            </param>
          </params>
          <reporter-output>
          </reporter-output>
        </test-method> <!-- runScenario -->
        <test-method signature="runScenario(io.cucumber.testng.PickleWrapper,io.cucumber.testng.FeatureWrapper)[pri:0, instance:runners.Runner@3857f613]" started-at="2025-06-16T10:53:02 PST" name="runScenario" description="Runs Cucumber Scenarios" data-provider="scenarios" finished-at="2025-06-16T10:53:49 PST" duration-ms="46754" status="PASS">
          <params>
            <param index="0">
              <value>
                <![CDATA["Verify subcategory filter displays correct products"]]>
              </value>
            </param>
            <param index="1">
              <value>
                <![CDATA["Products page functionality"]]>
              </value>
            </param>
          </params>
          <reporter-output>
          </reporter-output>
        </test-method> <!-- runScenario -->
        <test-method signature="runScenario(io.cucumber.testng.PickleWrapper,io.cucumber.testng.FeatureWrapper)[pri:0, instance:runners.Runner@3857f613]" started-at="2025-06-16T10:53:13 PST" name="runScenario" description="Runs Cucumber Scenarios" data-provider="scenarios" finished-at="2025-06-16T10:54:10 PST" duration-ms="57802" status="PASS">
          <params>
            <param index="0">
              <value>
                <![CDATA["Verify subcategory filter displays correct products"]]>
              </value>
            </param>
            <param index="1">
              <value>
                <![CDATA["Products page functionality"]]>
              </value>
            </param>
          </params>
          <reporter-output>
          </reporter-output>
        </test-method> <!-- runScenario -->
        <test-method signature="runScenario(io.cucumber.testng.PickleWrapper,io.cucumber.testng.FeatureWrapper)[pri:0, instance:runners.Runner@3857f613]" started-at="2025-06-16T10:53:13 PST" name="runScenario" description="Runs Cucumber Scenarios" data-provider="scenarios" finished-at="2025-06-16T10:53:54 PST" duration-ms="40825" status="PASS">
          <params>
            <param index="0">
              <value>
                <![CDATA["Verify Brands displays correct page"]]>
              </value>
            </param>
            <param index="1">
              <value>
                <![CDATA["Products page functionality"]]>
              </value>
            </param>
          </params>
          <reporter-output>
          </reporter-output>
        </test-method> <!-- runScenario -->
        <test-method signature="runScenario(io.cucumber.testng.PickleWrapper,io.cucumber.testng.FeatureWrapper)[pri:0, instance:runners.Runner@3857f613]" started-at="2025-06-16T10:53:15 PST" name="runScenario" description="Runs Cucumber Scenarios" data-provider="scenarios" finished-at="2025-06-16T10:54:00 PST" duration-ms="44813" status="PASS">
          <params>
            <param index="0">
              <value>
                <![CDATA["Verify Brands displays correct page"]]>
              </value>
            </param>
            <param index="1">
              <value>
                <![CDATA["Products page functionality"]]>
              </value>
            </param>
          </params>
          <reporter-output>
          </reporter-output>
        </test-method> <!-- runScenario -->
        <test-method signature="runScenario(io.cucumber.testng.PickleWrapper,io.cucumber.testng.FeatureWrapper)[pri:0, instance:runners.Runner@3857f613]" started-at="2025-06-16T10:53:18 PST" name="runScenario" description="Runs Cucumber Scenarios" data-provider="scenarios" finished-at="2025-06-16T10:54:09 PST" duration-ms="50893" status="PASS">
          <params>
            <param index="0">
              <value>
                <![CDATA["Verify Brands displays correct page"]]>
              </value>
            </param>
            <param index="1">
              <value>
                <![CDATA["Products page functionality"]]>
              </value>
            </param>
          </params>
          <reporter-output>
          </reporter-output>
        </test-method> <!-- runScenario -->
        <test-method signature="runScenario(io.cucumber.testng.PickleWrapper,io.cucumber.testng.FeatureWrapper)[pri:0, instance:runners.Runner@3857f613]" started-at="2025-06-16T10:53:20 PST" name="runScenario" description="Runs Cucumber Scenarios" data-provider="scenarios" finished-at="2025-06-16T10:54:42 PST" duration-ms="81831" status="PASS">
          <params>
            <param index="0">
              <value>
                <![CDATA["Verify Brands displays correct page"]]>
              </value>
            </param>
            <param index="1">
              <value>
                <![CDATA["Products page functionality"]]>
              </value>
            </param>
          </params>
          <reporter-output>
          </reporter-output>
        </test-method> <!-- runScenario -->
        <test-method signature="runScenario(io.cucumber.testng.PickleWrapper,io.cucumber.testng.FeatureWrapper)[pri:0, instance:runners.Runner@3857f613]" started-at="2025-06-16T10:53:47 PST" name="runScenario" description="Runs Cucumber Scenarios" data-provider="scenarios" finished-at="2025-06-16T10:54:42 PST" duration-ms="54889" status="PASS">
          <params>
            <param index="0">
              <value>
                <![CDATA["Verify Brands displays correct page"]]>
              </value>
            </param>
            <param index="1">
              <value>
                <![CDATA["Products page functionality"]]>
              </value>
            </param>
          </params>
          <reporter-output>
          </reporter-output>
        </test-method> <!-- runScenario -->
        <test-method signature="runScenario(io.cucumber.testng.PickleWrapper,io.cucumber.testng.FeatureWrapper)[pri:0, instance:runners.Runner@3857f613]" started-at="2025-06-16T10:53:49 PST" name="runScenario" description="Runs Cucumber Scenarios" data-provider="scenarios" finished-at="2025-06-16T10:54:49 PST" duration-ms="60290" status="PASS">
          <params>
            <param index="0">
              <value>
                <![CDATA["Verify Brands displays correct page"]]>
              </value>
            </param>
            <param index="1">
              <value>
                <![CDATA["Products page functionality"]]>
              </value>
            </param>
          </params>
          <reporter-output>
          </reporter-output>
        </test-method> <!-- runScenario -->
        <test-method signature="runScenario(io.cucumber.testng.PickleWrapper,io.cucumber.testng.FeatureWrapper)[pri:0, instance:runners.Runner@3857f613]" started-at="2025-06-16T10:53:51 PST" name="runScenario" description="Runs Cucumber Scenarios" data-provider="scenarios" finished-at="2025-06-16T10:54:30 PST" duration-ms="38548" status="PASS">
          <params>
            <param index="0">
              <value>
                <![CDATA["Verify Brands displays correct page"]]>
              </value>
            </param>
            <param index="1">
              <value>
                <![CDATA["Products page functionality"]]>
              </value>
            </param>
          </params>
          <reporter-output>
          </reporter-output>
        </test-method> <!-- runScenario -->
        <test-method signature="runScenario(io.cucumber.testng.PickleWrapper,io.cucumber.testng.FeatureWrapper)[pri:0, instance:runners.Runner@3857f613]" started-at="2025-06-16T10:53:53 PST" name="runScenario" description="Runs Cucumber Scenarios" data-provider="scenarios" finished-at="2025-06-16T10:54:38 PST" duration-ms="45585" status="PASS">
          <params>
            <param index="0">
              <value>
                <![CDATA["Verify Brands displays correct page"]]>
              </value>
            </param>
            <param index="1">
              <value>
                <![CDATA["Products page functionality"]]>
              </value>
            </param>
          </params>
          <reporter-output>
          </reporter-output>
        </test-method> <!-- runScenario -->
        <test-method signature="runScenario(io.cucumber.testng.PickleWrapper,io.cucumber.testng.FeatureWrapper)[pri:0, instance:runners.Runner@3857f613]" started-at="2025-06-16T10:53:54 PST" name="runScenario" description="Runs Cucumber Scenarios" data-provider="scenarios" finished-at="2025-06-16T10:54:49 PST" duration-ms="54573" status="PASS">
          <params>
            <param index="0">
              <value>
                <![CDATA["Successful purchase of a product"]]>
              </value>
            </param>
            <param index="1">
              <value>
                <![CDATA["Purchase Product"]]>
              </value>
            </param>
          </params>
          <reporter-output>
          </reporter-output>
        </test-method> <!-- runScenario -->
        <test-method signature="runScenario(io.cucumber.testng.PickleWrapper,io.cucumber.testng.FeatureWrapper)[pri:0, instance:runners.Runner@3857f613]" started-at="2025-06-16T10:54:00 PST" name="runScenario" description="Runs Cucumber Scenarios" data-provider="scenarios" finished-at="2025-06-16T10:54:32 PST" duration-ms="31681" status="PASS">
          <params>
            <param index="0">
              <value>
                <![CDATA["Successful user registration"]]>
              </value>
            </param>
            <param index="1">
              <value>
                <![CDATA["User registration"]]>
              </value>
            </param>
          </params>
          <reporter-output>
          </reporter-output>
        </test-method> <!-- runScenario -->
        <test-method signature="runScenario(io.cucumber.testng.PickleWrapper,io.cucumber.testng.FeatureWrapper)[pri:0, instance:runners.Runner@3857f613]" started-at="2025-06-16T10:54:09 PST" name="runScenario" description="Runs Cucumber Scenarios" data-provider="scenarios" finished-at="2025-06-16T10:54:29 PST" duration-ms="19727" status="PASS">
          <params>
            <param index="0">
              <value>
                <![CDATA["Register user with existing email"]]>
              </value>
            </param>
            <param index="1">
              <value>
                <![CDATA["User registration"]]>
              </value>
            </param>
          </params>
          <reporter-output>
          </reporter-output>
        </test-method> <!-- runScenario -->
        <test-method is-config="true" signature="tearDownClass()[pri:0, instance:runners.Runner@3857f613]" started-at="2025-06-16T10:54:49 PST" name="tearDownClass" finished-at="2025-06-16T10:54:53 PST" duration-ms="3842" status="PASS">
          <reporter-output>
          </reporter-output>
        </test-method> <!-- tearDownClass -->
      </class> <!-- runners.Runner -->
    </test> <!-- Default test -->
  </suite> <!-- Default suite -->
</testng-results>
